<?xml version="1.0" encoding="UTF-8"?>
<testng-results ignored="0" total="1" passed="1" failed="0" skipped="0">
  <reporter-output>
  </reporter-output>
  <suite started-at="2022-07-27T23:19:09 AST" name="Default suite" finished-at="2022-07-27T23:19:29 AST" duration-ms="20015">
    <groups>
    </groups>
    <test started-at="2022-07-27T23:19:09 AST" name="Default test" finished-at="2022-07-27T23:19:29 AST" duration-ms="20015">
      <class name="ass3FindingabsoluteXPath.ChromWebDriver">
        <test-method is-config="true" signature="setUp()[pri:0, instance:ass3FindingabsoluteXPath.ChromWebDriver@222114ba]" started-at="2022-07-27T23:19:09 AST" name="setUp" finished-at="2022-07-27T23:19:16 AST" duration-ms="6515" status="PASS">
          <reporter-output>
          </reporter-output>
        </test-method> <!-- setUp -->
        <test-method signature="LearnEnglishWebSite()[pri:0, instance:ass3FindingabsoluteXPath.ChromWebDriver@222114ba]" started-at="2022-07-27T23:19:16 AST" name="LearnEnglishWebSite" finished-at="2022-07-27T23:19:29 AST" duration-ms="13109" status="PASS">
          <reporter-output>
          </reporter-output>
        </test-method> <!-- LearnEnglishWebSite -->
        <test-method is-config="true" signature="terminateBrowser()[pri:0, instance:ass3FindingabsoluteXPath.ChromWebDriver@222114ba]" started-at="2022-07-27T23:19:29 AST" name="terminateBrowser" finished-at="2022-07-27T23:19:29 AST" duration-ms="276" status="PASS">
          <reporter-output>
          </reporter-output>
        </test-method> <!-- terminateBrowser -->
      </class> <!-- ass3FindingabsoluteXPath.ChromWebDriver -->
    </test> <!-- Default test -->
  </suite> <!-- Default suite -->
</testng-results>
